[debug] [2022-09-01T06:41:21.397Z] ----------------------------------------------------------------------
[debug] [2022-09-01T06:41:21.399Z] Command:       C:\Program Files\nodejs\node.exe C:\Users\Admin\AppData\Roaming\npm\node_modules\firebase-tools\lib\bin\firebase.js init hosting
[debug] [2022-09-01T06:41:21.399Z] CLI Version:   11.3.0
[debug] [2022-09-01T06:41:21.399Z] Platform:      win32
[debug] [2022-09-01T06:41:21.400Z] Node Version:  v16.15.0
[debug] [2022-09-01T06:41:21.406Z] Time:          Thu Sep 01 2022 08:41:21 GMT+0200 (South Africa Standard Time)
[debug] [2022-09-01T06:41:21.406Z] ----------------------------------------------------------------------
[debug] 
[debug] [2022-09-01T06:41:21.411Z] >>> [apiv2][query] GET https://firebase-public.firebaseio.com/cli.json [none]
[debug] [2022-09-01T06:41:21.435Z] > command requires scopes: ["email","openid","https://www.googleapis.com/auth/cloudplatformprojects.readonly","https://www.googleapis.com/auth/firebase","https://www.googleapis.com/auth/cloud-platform"]
[debug] [2022-09-01T06:41:21.436Z] > authorizing via signed-in user (ricardoronanm@gmail.com)
[info] 
     ######## #### ########  ######## ########     ###     ######  ########
     ##        ##  ##     ## ##       ##     ##  ##   ##  ##       ##
     ######    ##  ########  ######   ########  #########  ######  ######
     ##        ##  ##    ##  ##       ##     ## ##     ##       ## ##
     ##       #### ##     ## ######## ########  ##     ##  ######  ########

You're about to initialize a Firebase project in this directory:

  C:\Users\Admin\Desktop\Captone Front-end\capstone-front-end

[debug] [2022-09-01T06:41:22.207Z] <<< [apiv2][status] GET https://firebase-public.firebaseio.com/cli.json 200
[debug] [2022-09-01T06:41:22.207Z] <<< [apiv2][body] GET https://firebase-public.firebaseio.com/cli.json {"cloudBuildErrorAfter":1594252800000,"cloudBuildWarnAfter":1590019200000,"defaultNode10After":1594252800000,"minVersion":"3.0.5","node8DeploysDisabledAfter":1613390400000,"node8RuntimeDisabledAfter":1615809600000,"node8WarnAfter":1600128000000}
[info] 
=== Project Setup
[info] 
[info] First, let's associate this project directory with a Firebase project.
[info] You can create multiple project aliases by running firebase use --add, 
[info] but for now we'll just set up a default project.
[info] 
[info] i  If you want to create a project in a Google Cloud organization or folder, please use "firebase projects:create" instead, and return to this command when you've created the project. 
